                                                                        BILL F LADING
Shipper                                                                                B/L No.   VNSE19020211                       Number of riginals       THREE (3)
TAN HU FURNITURE ., LTD
                                              Shipper's Ref.
DT746, HA NHUT TAN VINH HIE, TAN UEN DISTRIT,                                                             VNSE19020211
BINH DUNG RVINE, VIET NAM
onsignee
INDEX FURNITURE
LEMSTERAD 28 8531 AA LEMMER HLLAND
                                                                                                         As the arrier
Notify arty (No claim shall attach for failure to notify)                             For delivery of goods apply to:
SAME AS NSIGNEE                                                                          VS LGISTIS BV
                                                                                           GUDSESINGEL 132
                                                                                           3011 KD RTTERDAM
                                                                                           NETHERLANDS
                                                                                           TEL:+31(0)10 404 60 13
lace of Receipt                            ort of Loading                            recarriage
H HI MINH/ VIETNAM                        H HI MINH/ VIETNAM
Vessel                                      ort of Discharge                          lace of Delivery                             Freight ayable
                                            RTTERDAM,                                RTTERDAM,
NK SWAN V.008W                             NETHERLANDS                               NETHERLANDS                                    DESTINATIN
          Marks and Number                     Quantity                             Description of Goods                              Gross Weight (KGS)         Measurement (BM)
NTR#TNU6042755/40'H/SEAL:VN266875A
                             SHIER'S LAD AND UNT & SEAL.
1 X 40'Hont40' NTAINER  /
                                 147                                                                                               5,699.00                   66.700
                                AKAGES                  147 KGS = 135 S
                                                          FURNITURE
                                                          HS DE : 94036090
                                                          RDER NUMBER: TIF-17000188A
                                                                                            
                                                                              
TTAL: NE (1) X 40'H (HIGH UBE) NTAINER NL                                                                               FREIGHT LLET
       ABVE ARTIULARS AS DELARED B SHIER.
     Freight and harges          repaid                          ollect             REEIVED by the arrier the Goods as specified above in apparent good order and
                                                                                       condition unless otherwise stated, to be transported to such place as agreed, authorised
                                                                                                                                                                                   IFL-UA10032016
AS ARRANGED                                                                            or permitted in this Bill of Lading and subject to all the terms and conditions appearing
                                                                                       on the front and reverse pages of this Bill of Lading to which the Merchant agrees by
                                                                                       accepting this Bill of Lading, any local privileges and customs notwithstanding.
                                                                                       The particulars given above as stated by the shipper and the weight, measure, quantity,
                                                                                       condition, contents and value of the Goods are unknown to the arrier
                                                                                       ne (1) original Bill of Lading must be surrendered duly endorsed in exchange for the
                                                                                       Goods or delivery order. In WITNESS whereof one (1) original Bill of Lading has been
                                                                                       signed if not otherwise stated above, the same being accomplished and other(s), if
Excess limit declaration as per lause 15                                              any, to be void.
                                                                                                                      H HI MINH IT 02 MAR 2019
                                                                                       lace and date of issue
                                02 MAR 2019
SHIED N BARD DATE
 The contract evidenced by or contained in this Bill of Lading is governed by the
 Law of the Hong Kong Special Administrative Region and any claim or dispute
 arising hereunder or inconnection herewith shall be determined exclusively
                                                                                                   NN NEGTIABLE
 by the ourts in the Hong Kong Special Administrative Region and no other ourt.
